<?xml version="1.0" encoding="UTF-8"?>
<!-- Generated by org.testng.reporters.JUnitReportReporter -->
<testsuite hostname="ZainAaliya" failures="0" tests="4" name="SeleniumJava.AnnotationsClass" time="0.012" errors="0" timestamp="10 Apr 2020 07:11:22 GMT" skipped="0">
  <testcase classname="SeleniumJava.AnnotationsClass" name="Test2" time="0.002"/>
  <testcase classname="SeleniumJava.AnnotationsClass" name="Test4" time="0.002"/>
  <testcase classname="SeleniumJava.AnnotationsClass" name="Test1" time="0.006"/>
  <testcase classname="SeleniumJava.AnnotationsClass" name="Test3" time="0.002"/>
</testsuite> <!-- SeleniumJava.AnnotationsClass -->
