<?xml version="1.0" encoding="UTF-8"?>
<testng-results skipped="0" failed="0" ignored="0" total="1" passed="1">
  <reporter-output>
  </reporter-output>
  <suite name="Default suite" duration-ms="27242" started-at="2020-04-25T11:20:58Z" finished-at="2020-04-25T11:21:25Z">
    <groups>
    </groups>
    <test name="Default test" duration-ms="27242" started-at="2020-04-25T11:20:58Z" finished-at="2020-04-25T11:21:25Z">
      <class name="JenkinsPackage.JenkinsTestNGClass">
        <test-method status="PASS" signature="f()[pri:0, instance:JenkinsPackage.JenkinsTestNGClass@46d56d67]" name="f" duration-ms="27207" started-at="2020-04-25T16:50:58Z" finished-at="2020-04-25T16:51:25Z">
          <reporter-output>
          </reporter-output>
        </test-method> <!-- f -->
      </class> <!-- JenkinsPackage.JenkinsTestNGClass -->
    </test> <!-- Default test -->
  </suite> <!-- Default suite -->
</testng-results>
